<?xml version="1.0" encoding="UTF-8"?>
<!-- Generated by org.testng.reporters.JUnitReportReporter -->
<testsuite hostname="LAPTOP-JT0GOIPP" failures="0" tests="1" name="LoginTest.ToVerifyHomePageTest" time="8.764" errors="0" timestamp="2022-12-07T14:57:48 IST" skipped="0">
  <testcase classname="LoginTest.ToVerifyHomePageTest" name="toVerifyHomePageTest" time="8.764"/>
  <system-out/>
</testsuite> <!-- LoginTest.ToVerifyHomePageTest -->
